<?xml version="1.0" encoding="UTF-8"?>
<!-- Generated by org.testng.reporters.JUnitXMLReporter -->
<testsuite ignored="3" hostname="DESKTOP-GO6B3DD" failures="0" tests="2" name="Contacts" time="21.575" errors="0" timestamp="2022-04-18T14:40:00 EEST">
  <testcase classname="qa.homeWork2.tests.ContactCreationTests" name="testContactCreation" time="12.87"/>
  <testcase classname="qa.homeWork2.tests.ContactDeletionTests" name="testContactDeletion" time="8.584"/>
  <testcase classname="qa.homeWork2.tests.TestBase" name="@BeforeSuite setUp" time="0.0">
    <ignored/>
  </testcase> <!-- @BeforeSuite setUp -->
  <testcase classname="qa.homeWork2.tests.ContactCreationTests" name="testCurrentDir" time="0.0">
    <ignored/>
  </testcase> <!-- testCurrentDir -->
  <testcase classname="qa.homeWork2.tests.TestBase" name="@AfterSuite tearDown" time="0.0">
    <ignored/>
  </testcase> <!-- @AfterSuite tearDown -->
</testsuite> <!-- Contacts -->
