<?xml version="1.0" encoding="UTF-8"?>
<!-- Generated by org.testng.reporters.JUnitXMLReporter -->
<testsuite ignored="3" hostname="DESKTOP-G4HS6HQ" failures="0" tests="2" name="Contacts" time="6.251" errors="0" timestamp="2022-04-16T22:12:16 EEST">
  <testcase classname="qa.homeWork2.tests.ContactCreationTests" name="testContactCreation" time="2.562"/>
  <testcase classname="qa.homeWork2.tests.ContactDeletionTests" name="testContactDeletion" time="3.613"/>
  <testcase classname="qa.homeWork2.tests.TestBase" name="@BeforeSuite setUp" time="0.0">
    <ignored/>
  </testcase> <!-- @BeforeSuite setUp -->
  <testcase classname="qa.homeWork2.tests.ContactCreationTests" name="testCurrentDir" time="0.0">
    <ignored/>
  </testcase> <!-- testCurrentDir -->
  <testcase classname="qa.homeWork2.tests.TestBase" name="@AfterSuite tearDown" time="0.0">
    <ignored/>
  </testcase> <!-- @AfterSuite tearDown -->
</testsuite> <!-- Contacts -->
